<?xml version="1.0" encoding="UTF-8"?>
<!-- Generated by org.testng.reporters.JUnitXMLReporter -->
<testsuite ignored="2" hostname="DESKTOP-84TE32L" failures="0" tests="1" name="RegressionTest" time="11.665" errors="0" timestamp="2020-01-19T11:59:25 CST">
  <testcase classname="com.hrms.testcases.LoginPageTest" name="negativeLogin" time="5.376"/>
  <testcase classname="com.hrms.testcases.LoginPageTest" name="login" time="0.0">
    <ignored/>
  </testcase> <!-- login -->
  <testcase classname="com.hrms.testcases.LeaveListPageTest" name="leaveLabelValidation" time="0.0">
    <ignored/>
  </testcase> <!-- leaveLabelValidation -->
</testsuite> <!-- RegressionTest -->
