<?xml version="1.0" encoding="UTF-8"?>
<!-- Generated by org.testng.reporters.JUnitXMLReporter -->
<testsuite ignored="14" hostname="DESKTOP-84TE32L" failures="0" tests="2" name="Regression Test" time="65.664" errors="0" timestamp="2020-01-25T12:30:29 CST">
  <testcase classname="com.hrms.testcases.LeaveListPageTest" name="leaveLabelValidation" time="15.444"/>
  <testcase classname="com.hrms.testcases.LeaveListPageTest" name="leaveLabelValidation1" time="19.078"/>
  <testcase classname="com.hrms.testcases.AddEmployeePageTest" name="addEmployeeValidation" time="0.0">
    <ignored/>
  </testcase> <!-- addEmployeeValidation -->
  <testcase classname="com.hrms.testcases.DataDrivenTest" name="addEmployeeValidation" time="0.0">
    <ignored/>
  </testcase> <!-- addEmployeeValidation -->
  <testcase classname="com.hrms.testcases.AddEmployeeFromXLFile" name="AddEmployee" time="0.0">
    <ignored/>
  </testcase> <!-- AddEmployee -->
  <testcase classname="com.hrms.testbase.BaseClass" name="@BeforeTest generateReports" time="0.0">
    <ignored/>
  </testcase> <!-- @BeforeTest generateReports -->
  <testcase classname="com.hrms.testbase.BaseClass" name="@BeforeTest generateReports" time="0.0">
    <ignored/>
  </testcase> <!-- @BeforeTest generateReports -->
  <testcase classname="com.hrms.testbase.BaseClass" name="@BeforeTest generateReports" time="0.0">
    <ignored/>
  </testcase> <!-- @BeforeTest generateReports -->
  <testcase classname="com.hrms.testbase.BaseClass" name="@BeforeTest generateReports" time="0.0">
    <ignored/>
  </testcase> <!-- @BeforeTest generateReports -->
  <testcase classname="com.hrms.testbase.BaseClass" name="@BeforeTest generateReports" time="0.0">
    <ignored/>
  </testcase> <!-- @BeforeTest generateReports -->
  <testcase classname="com.hrms.testcases.LoginPageTest" name="multipleLogin" time="0.0">
    <ignored/>
  </testcase> <!-- multipleLogin -->
  <testcase classname="com.hrms.testbase.BaseClass" name="@AfterTest writeReport" time="0.0">
    <ignored/>
  </testcase> <!-- @AfterTest writeReport -->
  <testcase classname="com.hrms.testbase.BaseClass" name="@AfterTest writeReport" time="0.0">
    <ignored/>
  </testcase> <!-- @AfterTest writeReport -->
  <testcase classname="com.hrms.testbase.BaseClass" name="@AfterTest writeReport" time="0.0">
    <ignored/>
  </testcase> <!-- @AfterTest writeReport -->
  <testcase classname="com.hrms.testbase.BaseClass" name="@AfterTest writeReport" time="0.0">
    <ignored/>
  </testcase> <!-- @AfterTest writeReport -->
  <testcase classname="com.hrms.testbase.BaseClass" name="@AfterTest writeReport" time="0.0">
    <ignored/>
  </testcase> <!-- @AfterTest writeReport -->
</testsuite> <!-- Regression Test -->
