<?xml version="1.0" encoding="UTF-8"?>
<testng-results ignored="14" total="16" passed="2" failed="0" skipped="0">
  <reporter-output>
  </reporter-output>
  <suite started-at="2020-01-25T12:29:24 CST" name="Regression Suite" finished-at="2020-01-25T12:30:29 CST" duration-ms="65664">
    <groups>
      <group name="regression">
        <method signature="LeaveListPageTest.leaveLabelValidation()[pri:0, instance:com.hrms.testcases.LeaveListPageTest@3c22fc4c]" name="leaveLabelValidation" class="com.hrms.testcases.LeaveListPageTest"/>
        <method signature="LeaveListPageTest.leaveLabelValidation1()[pri:0, instance:com.hrms.testcases.LeaveListPageTest@3c22fc4c]" name="leaveLabelValidation1" class="com.hrms.testcases.LeaveListPageTest"/>
      </group> <!-- regression -->
    </groups>
    <test started-at="2020-01-25T12:29:24 CST" name="Regression Test" finished-at="2020-01-25T12:30:29 CST" duration-ms="65664">
      <class name="com.hrms.testcases.AddEmployeeFromXLFile">
        <test-method is-config="true" signature="generateReports()[pri:0, instance:com.hrms.testcases.AddEmployeeFromXLFile@65466a6a]" started-at="2020-01-25T12:29:24 CST" name="generateReports" finished-at="2020-01-25T12:29:24 CST" duration-ms="294" status="PASS">
          <reporter-output>
          </reporter-output>
        </test-method> <!-- generateReports -->
        <test-method is-config="true" signature="writeReport()[pri:0, instance:com.hrms.testcases.AddEmployeeFromXLFile@65466a6a]" started-at="2020-01-25T12:30:29 CST" name="writeReport" finished-at="2020-01-25T12:30:29 CST" duration-ms="499" status="PASS">
          <reporter-output>
          </reporter-output>
        </test-method> <!-- writeReport -->
      </class> <!-- com.hrms.testcases.AddEmployeeFromXLFile -->
      <class name="com.hrms.testcases.LeaveListPageTest">
        <test-method is-config="true" signature="setUp()[pri:0, instance:com.hrms.testcases.LeaveListPageTest@3c22fc4c]" started-at="2020-01-25T12:29:24 CST" name="setUp" finished-at="2020-01-25T12:29:39 CST" duration-ms="14749" status="PASS">
          <reporter-output>
          </reporter-output>
        </test-method> <!-- setUp -->
        <test-method signature="leaveLabelValidation()[pri:0, instance:com.hrms.testcases.LeaveListPageTest@3c22fc4c]" started-at="2020-01-25T12:29:39 CST" name="leaveLabelValidation" finished-at="2020-01-25T12:29:54 CST" duration-ms="15444" status="PASS">
          <reporter-output>
          </reporter-output>
        </test-method> <!-- leaveLabelValidation -->
        <test-method is-config="true" signature="tearDown()[pri:0, instance:com.hrms.testcases.LeaveListPageTest@3c22fc4c]" started-at="2020-01-25T12:29:55 CST" name="tearDown" finished-at="2020-01-25T12:29:55 CST" duration-ms="114" status="PASS">
          <reporter-output>
          </reporter-output>
        </test-method> <!-- tearDown -->
        <test-method is-config="true" signature="setUp()[pri:0, instance:com.hrms.testcases.LeaveListPageTest@3c22fc4c]" started-at="2020-01-25T12:29:55 CST" name="setUp" finished-at="2020-01-25T12:30:09 CST" duration-ms="14324" status="PASS">
          <reporter-output>
          </reporter-output>
        </test-method> <!-- setUp -->
        <test-method signature="leaveLabelValidation1()[pri:0, instance:com.hrms.testcases.LeaveListPageTest@3c22fc4c]" started-at="2020-01-25T12:30:09 CST" name="leaveLabelValidation1" finished-at="2020-01-25T12:30:28 CST" duration-ms="19078" status="PASS">
          <reporter-output>
          </reporter-output>
        </test-method> <!-- leaveLabelValidation1 -->
        <test-method is-config="true" signature="tearDown()[pri:0, instance:com.hrms.testcases.LeaveListPageTest@3c22fc4c]" started-at="2020-01-25T12:30:29 CST" name="tearDown" finished-at="2020-01-25T12:30:29 CST" duration-ms="153" status="PASS">
          <reporter-output>
          </reporter-output>
        </test-method> <!-- tearDown -->
      </class> <!-- com.hrms.testcases.LeaveListPageTest -->
    </test> <!-- Regression Test -->
  </suite> <!-- Regression Suite -->
</testng-results>
